Copyright 1986-2022 Xilinx, Inc. All Rights Reserved. Copyright 2022-2025 Advanced Micro Devices, Inc. All Rights Reserved.
----------------------------------------------------------------------------------------------------------------------------------------------------------------------
| Tool Version     : Vivado v.2025.1 (win64) Build 6140274 Thu May 22 00:12:29 MDT 2025
| Date             : Tue Jun 17 00:27:26 2025
| Host             : myhym running 64-bit major release  (build 9200)
| Command          : report_power -file design_1_wrapper_power_routed.rpt -pb design_1_wrapper_power_summary_routed.pb -rpx design_1_wrapper_power_routed.rpx
| Design           : design_1_wrapper
| Device           : xc7z010clg400-1
| Design State     : routed
| Grade            : commercial
| Process          : typical
| Characterization : Production
----------------------------------------------------------------------------------------------------------------------------------------------------------------------

Power Report

Table of Contents
-----------------
1. Summary
1.1 On-Chip Components
1.2 Power Supply Summary
1.3 Confidence Level
2. Settings
2.1 Environment
2.2 Clock Constraints
3. Detailed Reports
3.1 By Hierarchy

1. Summary
----------

+--------------------------+--------------+
| Total On-Chip Power (W)  | 2.081        |
| Design Power Budget (W)  | Unspecified* |
| Power Budget Margin (W)  | NA           |
| Dynamic (W)              | 1.946        |
| Device Static (W)        | 0.135        |
| Effective TJA (C/W)      | 11.5         |
| Max Ambient (C)          | 61.0         |
| Junction Temperature (C) | 49.0         |
| Confidence Level         | Low          |
| Setting File             | ---          |
| Simulation Activity File | ---          |
| Design Nets Matched      | NA           |
+--------------------------+--------------+
* Specify Design Power Budget using, set_operating_conditions -design_power_budget <value in Watts>


1.1 On-Chip Components
----------------------

+--------------------------+-----------+----------+-----------+-----------------+
| On-Chip                  | Power (W) | Used     | Available | Utilization (%) |
+--------------------------+-----------+----------+-----------+-----------------+
| Clocks                   |     0.065 |       10 |       --- |             --- |
| Slice Logic              |     0.014 |    32303 |       --- |             --- |
|   LUT as Logic           |     0.011 |     9346 |     17600 |           53.10 |
|   Register               |     0.001 |    16651 |     35200 |           47.30 |
|   CARRY4                 |    <0.001 |      437 |      4400 |            9.93 |
|   LUT as Shift Register  |    <0.001 |      847 |      6000 |           14.12 |
|   F7/F8 Muxes            |    <0.001 |      377 |     17600 |            2.14 |
|   LUT as Distributed RAM |    <0.001 |       40 |      6000 |            0.67 |
|   Others                 |     0.000 |     1945 |       --- |             --- |
| Signals                  |     0.018 |    22925 |       --- |             --- |
| Block RAM                |     0.025 |       31 |        60 |           51.67 |
| MMCM                     |     0.107 |        1 |         2 |           50.00 |
| I/O                      |     0.136 |       18 |       100 |           18.00 |
| PS7                      |     1.581 |        1 |       --- |             --- |
| Static Power             |     0.135 |          |           |                 |
| Total                    |     2.081 |          |           |                 |
+--------------------------+-----------+----------+-----------+-----------------+


1.2 Power Supply Summary
------------------------

+-----------+-------------+-----------+-------------+------------+-------------+-------------+------------+
| Source    | Voltage (V) | Total (A) | Dynamic (A) | Static (A) | Powerup (A) | Budget (A)  | Margin (A) |
+-----------+-------------+-----------+-------------+------------+-------------+-------------+------------+
| Vccint    |       1.000 |     0.132 |       0.122 |      0.010 |       NA    | Unspecified | NA         |
| Vccaux    |       1.800 |     0.068 |       0.059 |      0.009 |       NA    | Unspecified | NA         |
| Vcco33    |       3.300 |     0.042 |       0.041 |      0.001 |       NA    | Unspecified | NA         |
| Vcco25    |       2.500 |     0.000 |       0.000 |      0.000 |       NA    | Unspecified | NA         |
| Vcco18    |       1.800 |     0.000 |       0.000 |      0.000 |       NA    | Unspecified | NA         |
| Vcco15    |       1.500 |     0.000 |       0.000 |      0.000 |       NA    | Unspecified | NA         |
| Vcco135   |       1.350 |     0.000 |       0.000 |      0.000 |       NA    | Unspecified | NA         |
| Vcco12    |       1.200 |     0.000 |       0.000 |      0.000 |       NA    | Unspecified | NA         |
| Vccaux_io |       1.800 |     0.000 |       0.000 |      0.000 |       NA    | Unspecified | NA         |
| Vccbram   |       1.000 |     0.005 |       0.002 |      0.003 |       NA    | Unspecified | NA         |
| MGTAVcc   |       1.000 |     0.000 |       0.000 |      0.000 |       NA    | Unspecified | NA         |
| MGTAVtt   |       1.200 |     0.000 |       0.000 |      0.000 |       NA    | Unspecified | NA         |
| MGTVccaux |       1.800 |     0.000 |       0.000 |      0.000 |       NA    | Unspecified | NA         |
| Vccpint   |       1.000 |     0.760 |       0.725 |      0.035 |       NA    | Unspecified | NA         |
| Vccpaux   |       1.800 |     0.085 |       0.075 |      0.010 |       NA    | Unspecified | NA         |
| Vccpll    |       1.800 |     0.017 |       0.014 |      0.003 |       NA    | Unspecified | NA         |
| Vcco_ddr  |       1.500 |     0.459 |       0.457 |      0.002 |       NA    | Unspecified | NA         |
| Vcco_mio0 |       3.300 |     0.003 |       0.002 |      0.001 |       NA    | Unspecified | NA         |
| Vcco_mio1 |       1.800 |     0.004 |       0.003 |      0.001 |       NA    | Unspecified | NA         |
| Vccadc    |       1.800 |     0.020 |       0.000 |      0.020 |       NA    | Unspecified | NA         |
+-----------+-------------+-----------+-------------+------------+-------------+-------------+------------+


1.3 Confidence Level
--------------------

+-----------------------------+------------+--------------------------------------------------------+------------------------------------------------------------------------------------------------------------+
| User Input Data             | Confidence | Details                                                | Action                                                                                                     |
+-----------------------------+------------+--------------------------------------------------------+------------------------------------------------------------------------------------------------------------+
| Design implementation state | High       | Design is routed                                       |                                                                                                            |
| Clock nodes activity        | High       | User specified more than 95% of clocks                 |                                                                                                            |
| I/O nodes activity          | Low        | More than 75% of inputs are missing user specification | Provide missing input activity with simulation results or by editing the "By Resource Type -> I/Os" view   |
| Internal nodes activity     | Medium     | User specified less than 25% of internal nodes         | Provide missing internal nodes activity with simulation results or by editing the "By Resource Type" views |
| Device models               | High       | Device models are Production                           |                                                                                                            |
|                             |            |                                                        |                                                                                                            |
| Overall confidence level    | Low        |                                                        |                                                                                                            |
+-----------------------------+------------+--------------------------------------------------------+------------------------------------------------------------------------------------------------------------+


2. Settings
-----------

2.1 Environment
---------------

+-----------------------+------------------------+
| Ambient Temp (C)      | 25.0                   |
| ThetaJA (C/W)         | 11.5                   |
| Airflow (LFM)         | 250                    |
| Heat Sink             | none                   |
| ThetaSA (C/W)         | 0.0                    |
| Board Selection       | medium (10"x10")       |
| # of Board Layers     | 8to11 (8 to 11 Layers) |
| Board Temperature (C) | 25.0                   |
+-----------------------+------------------------+


2.2 Clock Constraints
---------------------

+--------------------------------------------------------------------------------------------+-------------------------------------------------------------------+-----------------+
| Clock                                                                                      | Domain                                                            | Constraint (ns) |
+--------------------------------------------------------------------------------------------+-------------------------------------------------------------------+-----------------+
| I                                                                                          | design_1_i/axi_dynclk_0/U0/Inst_mmcme2_drp/I                      |             2.0 |
| I                                                                                          | design_1_i/axi_dynclk_0/U0/PXL_CLK_5X_O                           |             2.0 |
| axi_dynclk_0_PXL_CLK_O                                                                     | design_1_i/axi_dynclk_0/U0/PXL_CLK_O                              |            10.0 |
| clk_fpga_0                                                                                 | design_1_i/processing_system7_0/inst/FCLK_CLK_unbuffered[0]       |            10.0 |
| clk_fpga_1                                                                                 | design_1_i/processing_system7_0/inst/FCLK_CLK_unbuffered[1]       |             6.0 |
| clk_fpga_2                                                                                 | design_1_i/processing_system7_0/inst/FCLK_CLK_unbuffered[2]       |            31.0 |
| dbg_hub/inst/BSCANID.u_xsdbm_id/SWITCH_N_EXT_BSCAN.bscan_inst/SERIES7_BSCAN.bscan_inst/TCK | dbg_hub/inst/BSCANID.u_xsdbm_id/SWITCH_N_EXT_BSCAN.bscan_inst/TCK |            33.0 |
| mmcm_fbclk_out                                                                             | design_1_i/axi_dynclk_0/U0/Inst_mmcme2_drp/mmcm_fbclk_out         |            10.0 |
+--------------------------------------------------------------------------------------------+-------------------------------------------------------------------+-----------------+


3. Detailed Reports
-------------------

3.1 By Hierarchy
----------------

+--------------------------+-----------+
| Name                     | Power (W) |
+--------------------------+-----------+
| design_1_wrapper         |     1.946 |
|   dbg_hub                |     0.003 |
|     inst                 |     0.003 |
|       BSCANID.u_xsdbm_id |     0.003 |
|   design_1_i             |     1.939 |
|     ad9280_sample_0      |     0.006 |
|       inst               |     0.006 |
|     axi_dma_0            |     0.012 |
|       U0                 |     0.012 |
|     axi_dynclk_0         |     0.109 |
|       U0                 |     0.109 |
|     axi_mem_intercon     |     0.005 |
|       m00_couplers       |     0.002 |
|       s00_couplers       |     0.002 |
|       xbar               |     0.002 |
|     axi_smc              |     0.008 |
|       inst               |     0.008 |
|     axi_vdma_0           |     0.018 |
|       U0                 |     0.018 |
|     processing_system7_0 |     1.582 |
|       inst               |     1.582 |
|     rgb2dvi_0            |     0.134 |
|       U0                 |     0.134 |
|     system_ila_0         |     0.024 |
|       inst               |     0.024 |
|     system_ila_1         |     0.021 |
|       inst               |     0.021 |
|     v_axi4s_vid_out_0    |     0.007 |
|       inst               |     0.007 |
|     v_tc_0               |     0.012 |
|       U0                 |     0.012 |
+--------------------------+-----------+


